<?xml version="1.0" encoding="UTF-8"?>
<!-- Generated by org.testng.reporters.JUnitReportReporter -->
<testsuite hostname="Calvins-MBP.home" failures="0" tests="4" name="tests.DeleteBinTests" time="7.608" errors="0" timestamp="2021-04-25T10:30:28 CEST" skipped="0">
  <testcase classname="tests.DeleteBinTests" name="cannotDeleteABinByWrongId" time="1.891"/>
  <system-out/>
  <testcase classname="tests.DeleteBinTests" name="canDeleteABinById" time="1.646"/>
  <system-out/>
  <testcase classname="tests.DeleteBinTests" name="cannotDeleteBinWithoutId" time="2.243"/>
  <system-out/>
  <testcase classname="tests.DeleteBinTests" name="cannotDeleteBinWithNullId" time="1.828"/>
  <system-out/>
</testsuite> <!-- tests.DeleteBinTests -->
