<?xml version="1.0" encoding="UTF-8"?>
<!-- Generated by org.testng.reporters.JUnitReportReporter -->
<testsuite hostname="Calvins-MBP.home" failures="0" tests="5" name="tests.AddBinsTests" time="4.810" errors="0" timestamp="2021-04-25T10:30:28 CEST" skipped="0">
  <testcase classname="tests.AddBinsTests" name="canCreateABinWithEmptyValue" time="0.604"/>
  <system-out/>
  <testcase classname="tests.AddBinsTests" name="canCreateABinWith1000Characters" time="2.011"/>
  <system-out/>
  <testcase classname="tests.AddBinsTests" name="canCreateABinWithValidValue" time="0.646"/>
  <system-out/>
  <testcase classname="tests.AddBinsTests" name="cannotCreateBinWithBlankBody" time="0.915"/>
  <system-out/>
  <testcase classname="tests.AddBinsTests" name="canCreateABinWithNullValue" time="0.634"/>
  <system-out/>
</testsuite> <!-- tests.AddBinsTests -->
