<?xml version="1.0" encoding="UTF-8"?>
<!-- Generated by org.testng.reporters.JUnitReportReporter -->
<testsuite hostname="Calvins-MBP.home" failures="0" tests="4" name="tests.ReadBinTests" time="4.853" errors="0" timestamp="2021-04-25T10:30:28 CEST" skipped="0">
  <testcase classname="tests.ReadBinTests" name="cannotRetrieveBinByNullId" time="1.331"/>
  <system-out/>
  <testcase classname="tests.ReadBinTests" name="cannotRetrieveBinByWrongId" time="1.227"/>
  <system-out/>
  <testcase classname="tests.ReadBinTests" name="cannotRetrieveBinNoId" time="1.067"/>
  <system-out/>
  <testcase classname="tests.ReadBinTests" name="canReadABinById" time="1.228"/>
  <system-out/>
</testsuite> <!-- tests.ReadBinTests -->
